<?xml version="1.0" encoding="UTF-8"?>
<!-- Generated by org.testng.reporters.JUnitReportReporter -->
<testsuite skipped="0" hostname="SubhadeepLaptop" name="testRunner.TestRunner" tests="1" failures="0" timestamp="2023-09-19T23:20:05 IST" time="18.961" errors="0">
  <testcase name="runScenario" time="18.961" classname="testRunner.TestRunner"/>
  <system-out/>
</testsuite> <!-- testRunner.TestRunner -->
